2025-09-29 19:48:58 INFO  com.project.hotel.HotelApplication - Starting HotelApplication using Java 17.0.12 with PID 26884 (D:\SoftTech\Project\main-project\backend\hotel\target\classes started by ACER in D:\SoftTech\Project\main-project\backend\hotel)
2025-09-29 19:48:58 INFO  com.project.hotel.HotelApplication - No active profile set, falling back to 1 default profile: "default"
2025-09-29 19:49:01 WARN  org.hibernate.orm.deprecation - HHH90000025: SQLServerDialect does not need to be specified explicitly using 'hibernate.dialect' (remove the property setting and it will be selected by default)
2025-09-29 19:49:04 WARN  o.s.b.a.o.j.JpaBaseConfiguration$JpaWebConfiguration - spring.jpa.open-in-view is enabled by default. Therefore, database queries may be performed during view rendering. Explicitly configure spring.jpa.open-in-view to disable this warning
2025-09-29 19:49:06 INFO  com.project.hotel.HotelApplication - Started HotelApplication in 8.166 seconds (process running for 8.494)
2025-09-29 19:49:06 INFO  o.s.web.servlet.DispatcherServlet - Initializing Servlet 'dispatcherServlet'
2025-09-29 19:49:06 INFO  o.s.web.servlet.DispatcherServlet - Completed initialization in 1 ms
2025-09-29 19:49:07 WARN  c.p.h.service.AuthenticationService - User user login failed!
2025-09-29 19:49:07 WARN  o.s.w.s.m.m.a.ExceptionHandlerExceptionResolver - Resolved [com.project.hotel.exception.AppException: Unauthenticated!]
2025-09-29 19:51:26 INFO  com.project.hotel.HotelApplication - Starting HotelApplication using Java 17.0.12 with PID 29524 (D:\SoftTech\Project\main-project\backend\hotel\target\classes started by ACER in D:\SoftTech\Project\main-project\backend\hotel)
2025-09-29 19:51:26 INFO  com.project.hotel.HotelApplication - No active profile set, falling back to 1 default profile: "default"
2025-09-29 19:51:29 WARN  org.hibernate.orm.deprecation - HHH90000025: SQLServerDialect does not need to be specified explicitly using 'hibernate.dialect' (remove the property setting and it will be selected by default)
2025-09-29 19:51:33 WARN  o.s.b.a.o.j.JpaBaseConfiguration$JpaWebConfiguration - spring.jpa.open-in-view is enabled by default. Therefore, database queries may be performed during view rendering. Explicitly configure spring.jpa.open-in-view to disable this warning
2025-09-29 19:51:33 DEBUG o.s.w.s.m.m.a.RequestMappingHandlerMapping - 26 mappings in 'requestMappingHandlerMapping'
2025-09-29 19:51:33 DEBUG o.s.w.s.h.SimpleUrlHandlerMapping - Patterns [/webjars/**, /**] in 'resourceHandlerMapping'
2025-09-29 19:51:34 DEBUG o.s.w.s.m.m.a.RequestMappingHandlerAdapter - ControllerAdvice beans: 0 @ModelAttribute, 0 @InitBinder, 1 RequestBodyAdvice, 1 ResponseBodyAdvice
2025-09-29 19:51:34 DEBUG o.s.w.s.m.m.a.ExceptionHandlerExceptionResolver - ControllerAdvice beans: 1 @ExceptionHandler, 1 ResponseBodyAdvice
2025-09-29 19:51:34 INFO  com.project.hotel.HotelApplication - Started HotelApplication in 8.999 seconds (process running for 9.333)
2025-09-29 19:51:43 INFO  o.s.web.servlet.DispatcherServlet - Initializing Servlet 'dispatcherServlet'
2025-09-29 19:51:43 DEBUG o.s.web.servlet.DispatcherServlet - Detected StandardServletMultipartResolver
2025-09-29 19:51:43 DEBUG o.s.web.servlet.DispatcherServlet - Detected AcceptHeaderLocaleResolver
2025-09-29 19:51:43 DEBUG o.s.web.servlet.DispatcherServlet - Detected FixedThemeResolver
2025-09-29 19:51:43 DEBUG o.s.web.servlet.DispatcherServlet - Detected org.springframework.web.servlet.view.DefaultRequestToViewNameTranslator@110e6e91
2025-09-29 19:51:43 DEBUG o.s.web.servlet.DispatcherServlet - Detected org.springframework.web.servlet.support.SessionFlashMapManager@13ea16e2
2025-09-29 19:51:43 DEBUG o.s.web.servlet.DispatcherServlet - enableLoggingRequestDetails='false': request parameters and headers will be masked to prevent unsafe logging of potentially sensitive data
2025-09-29 19:51:43 INFO  o.s.web.servlet.DispatcherServlet - Completed initialization in 1 ms
2025-09-29 19:51:43 DEBUG o.s.web.servlet.DispatcherServlet - POST "/auth/token", parameters={}
2025-09-29 19:51:43 DEBUG o.s.w.s.m.m.a.RequestMappingHandlerMapping - Mapped to com.project.hotel.controller.AuthenticationController#authenticate(AuthenticationRequest)
2025-09-29 19:51:43 DEBUG o.s.w.s.m.m.a.RequestResponseBodyMethodProcessor - Read "application/json;charset=UTF-8" to [AuthenticationRequest(username=user, password=123)]
2025-09-29 19:51:43 WARN  c.p.h.service.AuthenticationService - User user login failed!
2025-09-29 19:51:43 DEBUG o.s.w.s.m.m.a.ExceptionHandlerExceptionResolver - Using @ExceptionHandler com.project.hotel.exception.GlobalExceptionHandle#handlingAppException(AppException)
2025-09-29 19:51:43 DEBUG o.s.w.s.m.m.a.HttpEntityMethodProcessor - Using 'application/json', given [*/*] and supported [application/json, application/*+json]
2025-09-29 19:51:43 DEBUG o.s.w.s.m.m.a.HttpEntityMethodProcessor - Writing [ApiResponse(code=1007, message=Unauthenticated!, result=null)]
2025-09-29 19:51:43 WARN  o.s.w.s.m.m.a.ExceptionHandlerExceptionResolver - Resolved [com.project.hotel.exception.AppException: Unauthenticated!]
2025-09-29 19:51:43 DEBUG o.s.web.servlet.DispatcherServlet - Completed 400 BAD_REQUEST
2025-09-29 19:52:01 DEBUG o.s.web.servlet.DispatcherServlet - POST "/auth/token", parameters={}
2025-09-29 19:52:01 DEBUG o.s.w.s.m.m.a.RequestMappingHandlerMapping - Mapped to com.project.hotel.controller.AuthenticationController#authenticate(AuthenticationRequest)
2025-09-29 19:52:01 DEBUG o.s.w.s.m.m.a.RequestResponseBodyMethodProcessor - Read "application/json;charset=UTF-8" to [AuthenticationRequest(username=user, password=12345678)]
2025-09-29 19:52:01 INFO  c.p.h.c.AuthenticationController - User user login to system!
2025-09-29 19:52:01 DEBUG o.s.w.s.m.m.a.RequestResponseBodyMethodProcessor - Using 'application/json', given [*/*] and supported [application/json, application/*+json]
2025-09-29 19:52:01 DEBUG o.s.w.s.m.m.a.RequestResponseBodyMethodProcessor - Writing [ApiResponse(code=1001, message=null, result=AuthenticationResponse(token=eyJhbGciOiJIUzUxMiJ9.eyJzdW (truncated)...]
2025-09-29 19:52:01 DEBUG o.s.web.servlet.DispatcherServlet - Completed 200 OK
